
 /----------------------------------------------------------------------------\
 |                                                                            |
 |  yosys -- Yosys Open SYnthesis Suite                                       |
 |                                                                            |
 |  Copyright (C) 2012 - 2020  Claire Xenia Wolf <claire@yosyshq.com>         |
 |                                                                            |
 |  Permission to use, copy, modify, and/or distribute this software for any  |
 |  purpose with or without fee is hereby granted, provided that the above    |
 |  copyright notice and this permission notice appear in all copies.         |
 |                                                                            |
 |  THE SOFTWARE IS PROVIDED "AS IS" AND THE AUTHOR DISCLAIMS ALL WARRANTIES  |
 |  WITH REGARD TO THIS SOFTWARE INCLUDING ALL IMPLIED WARRANTIES OF          |
 |  MERCHANTABILITY AND FITNESS. IN NO EVENT SHALL THE AUTHOR BE LIABLE FOR   |
 |  ANY SPECIAL, DIRECT, INDIRECT, OR CONSEQUENTIAL DAMAGES OR ANY DAMAGES    |
 |  WHATSOEVER RESULTING FROM LOSS OF USE, DATA OR PROFITS, WHETHER IN AN     |
 |  ACTION OF CONTRACT, NEGLIGENCE OR OTHER TORTIOUS ACTION, ARISING OUT OF   |
 |  OR IN CONNECTION WITH THE USE OR PERFORMANCE OF THIS SOFTWARE.            |
 |                                                                            |
 \----------------------------------------------------------------------------/

 Yosys 0.34+43 (git sha1 d21c464ae, clang 10.0.0-4ubuntu1 -fPIC -Os)


-- Executing script file `design_smt2.ys' --

1. Executing RTLIL frontend.
Input filename: design_prep.il

2. Executing HIERARCHY pass (managing design hierarchy).

2.1. Analyzing design hierarchy..
Top module:  \clockedlogic_formal
Used module:     \clockedlogic

2.2. Analyzing design hierarchy..
Top module:  \clockedlogic_formal
Used module:     \clockedlogic
Removed 0 unused modules.
Module clockedlogic_formal directly or indirectly contains formal properties -> setting "keep" attribute.

3. Executing FORMALFF pass.

4. Executing DFFUNMAP pass (unmap clock enable and synchronous reset from FFs).

5. Printing statistics.

=== clockedlogic_formal ===

   Number of wires:                 10
   Number of wire bits:            199
   Number of public wires:           5
   Number of public wire bits:     131
   Number of memories:               0
   Number of memory bits:            0
   Number of processes:              0
   Number of cells:                 11
     $add                            1
     $anyinit                        1
     $anyseq                         1
     $assert                         1
     $assume                         1
     $eq                             1
     $ff                             1
     $mux                            2
     $not                            1
     clockedlogic                    1

=== clockedlogic ===

   Number of wires:                  7
   Number of wire bits:            259
   Number of public wires:           3
   Number of public wire bits:     129
   Number of memories:               0
   Number of memory bits:            0
   Number of processes:              0
   Number of cells:                  6
     $add                            1
     $anyinit                        1
     $assume                         1
     $eq                             1
     $mux                            1
     $not                            1

=== design hierarchy ===

   clockedlogic_formal               1
     clockedlogic                    1

   Number of wires:                 17
   Number of wire bits:            458
   Number of public wires:           8
   Number of public wire bits:     260
   Number of memories:               0
   Number of memory bits:            0
   Number of processes:              0
   Number of cells:                 16
     $add                            2
     $anyinit                        2
     $anyseq                         1
     $assert                         1
     $assume                         2
     $eq                             2
     $ff                             1
     $mux                            3
     $not                            2

6. Executing SMT2 backend.

6.1. Executing BMUXMAP pass.

6.2. Executing DEMUXMAP pass.
Creating SMT-LIBv2 representation of module clockedlogic.
Creating SMT-LIBv2 representation of module clockedlogic_formal.

End of script. Logfile hash: 3385522462, CPU: user 0.00s system 0.00s, MEM: 10.77 MB peak
Yosys 0.34+43 (git sha1 d21c464ae, clang 10.0.0-4ubuntu1 -fPIC -Os)
Time spent: 71% 2x write_smt2 (0 sec), 13% 2x read_ilang (0 sec), ...
